[LOG] System::create                           : Header version = 2.01.09. Current version = 2.01.09.
[LOG] Manager::init                            : maxchannels = 256 studioflags = 00000006 flags 00000000 extradriverdata 0000000000000000.
[LOG] SystemI::init                            : Initialize version=20109 (115889), maxchannels=256, flags=0x00020000
[LOG] SystemI::setOutputInternal               : Setting output to 'FMOD WASAPI Output'
[LOG] OutputWASAPI::init                       : Mix Format (WAVEFORMATEX): wFormatTag=0xFFFE, nChannels=2, nSamplesPerSec=48000, nAvgBytesPerSec=384000, nBlockAlign=8, wBitsPerSample=32, cbSize=22.
[LOG] OutputWASAPI::init                       : Mix Format (WAVEFORMATEXTENSIBLE): wValidBitsPerSample=32, dwChannelMask=0x00000003, SubFormat=00000003-0000-0010-8000-00AA00389B71.
[LOG] OutputWASAPI::init                       : Output buffer size: 4096 samples, latency: 0.00ms, period: 10.00ms, DSP buffer: 1024 * 4
[LOG] Thread::initThread                       : Init FMOD stream thread. Affinity: 0x8000000000000003, Priority: 0xFFFF7FFB, Stack Size: 98304, Semaphore: No, Sleep Time: 10, Looping: Yes.
[LOG] Thread::initThread                       : Init FMOD mixer thread. Affinity: 0x8000000000000001, Priority: 0xFFFF7FFA, Stack Size: 81920, Semaphore: No, Sleep Time: 0, Looping: Yes.
[LOG] AsyncManager::init                       : manager 0000025116EDA918 isAsync 0 updatePeriod 0.02
[LOG] AsyncManager::init                       : done
[LOG] PlaybackSystem::init                     : 
[LOG] Thread::initThread                       : Init FMOD Studio sample load thread. Affinity: 0x8000000000000003, Priority: 0xFFFF7FFD, Stack Size: 98304, Semaphore: No, Sleep Time: 1, Looping: No.
[LOG] PlaybackSystem::init                     : done
[LOG] Thread::initThread                       : Init FMOD Studio bank load thread. Affinity: 0x8000000000000003, Priority: 0xFFFF7FFD, Stack Size: 98304, Semaphore: No, Sleep Time: 1, Looping: No.
[LOG] Manager::init                            : done.
[LOG] Manager::readBank                        : fileversion = 135, compatVersion = 132 (oldest = 44, newest = 135)
[LOG] Manager::readBank                        : fileversion = 135, compatVersion = 132 (oldest = 44, newest = 135)
[LOG] SystemI::createSound                     : filename = ./Admortem_FMOD/Build\Desktop/Player.bank : mode 02010082
[LOG] SystemI::createSound                     : FMOD_NONBLOCKING specified.  Putting into queue to be opened asynchronously!
[LOG] SystemI::createSound                     : setdata soundi = 00000250E035C728 : node = 00000250DFCCA4E0
[LOG] SystemI::createSound                     : add node to async list : head = 0000024FE3BF47E8.  list count = 0
[LOG] AsyncThread::threadFunc                  : Starting Asynchronous operation on sound 00000250E035C728
[LOG] SystemI::createSoundInternal             :     Create name='./Admortem_FMOD/Build\Desktop/Player.bank', mode=0x02010082
[LOG] SystemI::createSoundInternal             :     exinfo->cbsize             = 224
[LOG] SystemI::createSoundInternal             :     exinfo->length             = 503904
[LOG] SystemI::createSoundInternal             :     exinfo->fileoffset         = 11424
[LOG] SystemI::createSoundInternal             :     exinfo->numsubsounds       = 1
[LOG] SystemI::createSoundInternal             :     exinfo->inclusionlist      = 00000250DFCCA5F0
[LOG] SystemI::createSoundInternal             :     exinfo->inclusionlistnum   = 1
[LOG] SystemI::createSoundInternal             :     exinfo->suggestedsoundtype = 5
[LOG] SystemI::createSoundInternal             :     exinfo->initialseekposition = 5200
[LOG] SystemI::createSoundInternal             :     exinfo->initialseekpostype = 1
[LOG] SystemI::createSoundInternal             :     Stream 0/1: name='mixkit-arctic-winds-1154', format=5, channels=2, frequency=48000, lengthbytes=438432, lengthpcm=1868892, pcmblocksize=0, loopstart=0, loopend=0, mode=0x00000000, channelmask=0x00000000, channelorder=0, peakvolume=0.891388.
[LOG] AsyncThread::threadFunc                  : Finished Asynchronous operation on sound 00000250E035C728
[LOG] SystemI::createSoundInternal             : Create name='', mode=0x02000202
[LOG] SystemI::createSoundInternal             : exinfo->cbsize             = 224
[LOG] SystemI::createSoundInternal             : exinfo->length             = 503904
[LOG] SystemI::createSoundInternal             : exinfo->fileoffset         = 11424
[LOG] SystemI::createSoundInternal             : exinfo->numsubsounds       = 1
[LOG] SystemI::createSoundInternal             : exinfo->inclusionlist      = 000000D93652F588
[LOG] SystemI::createSoundInternal             : exinfo->inclusionlistnum   = 1
[LOG] SystemI::createSoundInternal             : exinfo->suggestedsoundtype = 5
[LOG] SystemI::createSoundInternal             : exinfo->useropen           = 00007FFF4CE77D70
[LOG] SystemI::createSoundInternal             : exinfo->userclose          = 00007FFF4CE77D40
[LOG] SystemI::createSoundInternal             : exinfo->userread           = 00007FFF4CE77E40
[LOG] SystemI::createSoundInternal             : exinfo->userseek           = 00007FFF4CE77F00
[LOG] SystemI::createSoundInternal             : exinfo->fileuserdata       = 000002500DCA8F98
[LOG] SystemI::createSoundInternal             : exinfo->initialseekpostype = 1
[LOG] SystemI::DSPCodecPoolRegister            : register codec pool for pool type 5
[LOG] SystemI::createSoundInternal             : Sample 0/1: name='gravel', format=5, channels=2, frequency=48000, lengthbytes=11200, lengthpcm=33787, pcmblocksize=0, loopstart=0, loopend=0, mode=0x00000000, channelmask=0x00000000, channelorder=0, peakvolume=0.170776.
[LOG] SystemI::createSoundInternal             : Create name='', mode=0x02000202
[LOG] SystemI::createSoundInternal             : exinfo->cbsize             = 224
[LOG] SystemI::createSoundInternal             : exinfo->length             = 503904
[LOG] SystemI::createSoundInternal             : exinfo->fileoffset         = 11424
[LOG] SystemI::createSoundInternal             : exinfo->numsubsounds       = 1
[LOG] SystemI::createSoundInternal             : exinfo->inclusionlist      = 000000D93652F588
[LOG] SystemI::createSoundInternal             : exinfo->inclusionlistnum   = 1
[LOG] SystemI::createSoundInternal             : exinfo->suggestedsoundtype = 5
[LOG] SystemI::createSoundInternal             : exinfo->useropen           = 00007FFF4CE77D70
[LOG] SystemI::createSoundInternal             : exinfo->userclose          = 00007FFF4CE77D40
[LOG] SystemI::createSoundInternal             : exinfo->userread           = 00007FFF4CE77E40
[LOG] SystemI::createSoundInternal             : exinfo->userseek           = 00007FFF4CE77F00
[LOG] SystemI::createSoundInternal             : exinfo->fileuserdata       = 000002500DCA8F98
[LOG] SystemI::createSoundInternal             : exinfo->initialseekpostype = 1
[LOG] SystemI::DSPCodecPoolRegister            : register codec pool for pool type 5
[LOG] SystemI::createSoundInternal             : Sample 0/1: name='mud02', format=5, channels=2, frequency=48000, lengthbytes=3680, lengthpcm=12476, pcmblocksize=0, loopstart=0, loopend=0, mode=0x00000000, channelmask=0x00000000, channelorder=0, peakvolume=0.061707.
[LOG] SystemI::createSoundInternal             : Create name='', mode=0x02000202
[LOG] SystemI::createSoundInternal             : exinfo->cbsize             = 224
[LOG] SystemI::createSoundInternal             : exinfo->length             = 503904
[LOG] SystemI::createSoundInternal             : exinfo->fileoffset         = 11424
[LOG] SystemI::createSoundInternal             : exinfo->numsubsounds       = 1
[LOG] SystemI::createSoundInternal             : exinfo->inclusionlist      = 000000D93652F588
[LOG] SystemI::createSoundInternal             : exinfo->inclusionlistnum   = 1
[LOG] SystemI::createSoundInternal             : exinfo->suggestedsoundtype = 5
[LOG] SystemI::createSoundInternal             : exinfo->useropen           = 00007FFF4CE77D70
[LOG] SystemI::createSoundInternal             : exinfo->userclose          = 00007FFF4CE77D40
[LOG] SystemI::createSoundInternal             : exinfo->userread           = 00007FFF4CE77E40
[LOG] SystemI::createSoundInternal             : exinfo->userseek           = 00007FFF4CE77F00
[LOG] SystemI::createSoundInternal             : exinfo->fileuserdata       = 000002500DCA8F98
[LOG] SystemI::createSoundInternal             : exinfo->initialseekpostype = 1
[LOG] SystemI::DSPCodecPoolRegister            : register codec pool for pool type 5
[LOG] SystemI::createSoundInternal             : Sample 0/1: name='jumpland', format=5, channels=1, frequency=48000, lengthbytes=3744, lengthpcm=19603, pcmblocksize=0, loopstart=0, loopend=0, mode=0x00000000, channelmask=0x00000000, channelorder=0, peakvolume=0.988678.
[LOG] SoundI::release                          : mixkit-arctic-winds-1154 (00000250127FCB38)
[LOG] SoundI::release                          :     mixkit-arctic-winds-1154 (000002505CA09288)
[LOG] SoundI::release                          :     mixkit-arctic-winds-1154 (000002500D390458)
[LOG] SoundI::release                          : mixkit-arctic-winds-1154 (00000250E035C728)
[LOG] SoundI::release                          :     mixkit-arctic-winds-1154 (0000025116327138)
[LOG] SoundI::release                          :     mixkit-arctic-winds-1154 (000002511619A3F8)
[LOG] SystemI::createSoundInternal             : Create name='', mode=0x02000202
[LOG] SystemI::createSoundInternal             : exinfo->cbsize             = 224
[LOG] SystemI::createSoundInternal             : exinfo->length             = 35488
[LOG] SystemI::createSoundInternal             : exinfo->fileoffset         = 13568
[LOG] SystemI::createSoundInternal             : exinfo->numsubsounds       = 1
[LOG] SystemI::createSoundInternal             : exinfo->inclusionlist      = 000000D93652F588
[LOG] SystemI::createSoundInternal             : exinfo->inclusionlistnum   = 1
[LOG] SystemI::createSoundInternal             : exinfo->suggestedsoundtype = 5
[LOG] SystemI::createSoundInternal             : exinfo->useropen           = 00007FFF4CE77D70
[LOG] SystemI::createSoundInternal             : exinfo->userclose          = 00007FFF4CE77D40
[LOG] SystemI::createSoundInternal             : exinfo->userread           = 00007FFF4CE77E40
[LOG] SystemI::createSoundInternal             : exinfo->userseek           = 00007FFF4CE77F00
[LOG] SystemI::createSoundInternal             : exinfo->fileuserdata       = 00000251168656F8
[LOG] SystemI::createSoundInternal             : exinfo->initialseekpostype = 1
[LOG] SystemI::DSPCodecPoolRegister            : register codec pool for pool type 5
[LOG] SystemI::createSoundInternal             : Sample 0/1: name='stone1', format=5, channels=1, frequency=48000, lengthbytes=5024, lengthpcm=29250, pcmblocksize=0, loopstart=0, loopend=0, mode=0x00000000, channelmask=0x00000000, channelorder=0, peakvolume=0.360382.
[LOG] SystemI::createSoundInternal             : Create name='', mode=0x02000202
[LOG] SystemI::createSoundInternal             : exinfo->cbsize             = 224
[LOG] SystemI::createSoundInternal             : exinfo->length             = 35488
[LOG] SystemI::createSoundInternal             : exinfo->fileoffset         = 13568
[LOG] SystemI::createSoundInternal             : exinfo->numsubsounds       = 1
[LOG] SystemI::createSoundInternal             : exinfo->inclusionlist      = 000000D93652F588
[LOG] SystemI::createSoundInternal             : exinfo->inclusionlistnum   = 1
[LOG] SystemI::createSoundInternal             : exinfo->suggestedsoundtype = 5
[LOG] SystemI::createSoundInternal             : exinfo->useropen           = 00007FFF4CE77D70
[LOG] SystemI::createSoundInternal             : exinfo->userclose          = 00007FFF4CE77D40
[LOG] SystemI::createSoundInternal             : exinfo->userread           = 00007FFF4CE77E40
[LOG] SystemI::createSoundInternal             : exinfo->userseek           = 00007FFF4CE77F00
[LOG] SystemI::createSoundInternal             : exinfo->fileuserdata       = 00000251168656F8
[LOG] SystemI::createSoundInternal             : exinfo->initialseekpostype = 1
[LOG] SystemI::DSPCodecPoolRegister            : register codec pool for pool type 5
[LOG] SystemI::createSoundInternal             : Sample 0/1: name='stone4', format=5, channels=1, frequency=48000, lengthbytes=3744, lengthpcm=24000, pcmblocksize=0, loopstart=0, loopend=0, mode=0x00000000, channelmask=0x00000000, channelorder=0, peakvolume=0.746063.
[LOG] SystemI::createSoundInternal             : Create name='', mode=0x02000202
[LOG] SystemI::createSoundInternal             : exinfo->cbsize             = 224
[LOG] SystemI::createSoundInternal             : exinfo->length             = 35488
[LOG] SystemI::createSoundInternal             : exinfo->fileoffset         = 13568
[LOG] SystemI::createSoundInternal             : exinfo->numsubsounds       = 1
[LOG] SystemI::createSoundInternal             : exinfo->inclusionlist      = 000000D93652F588
[LOG] SystemI::createSoundInternal             : exinfo->inclusionlistnum   = 1
[LOG] SystemI::createSoundInternal             : exinfo->suggestedsoundtype = 5
[LOG] SystemI::createSoundInternal             : exinfo->useropen           = 00007FFF4CE77D70
[LOG] SystemI::createSoundInternal             : exinfo->userclose          = 00007FFF4CE77D40
[LOG] SystemI::createSoundInternal             : exinfo->userread           = 00007FFF4CE77E40
[LOG] SystemI::createSoundInternal             : exinfo->userseek           = 00007FFF4CE77F00
[LOG] SystemI::createSoundInternal             : exinfo->fileuserdata       = 0000025116865F38
[LOG] SystemI::createSoundInternal             : exinfo->initialseekpostype = 1
[LOG] SystemI::DSPCodecPoolRegister            : register codec pool for pool type 5
[LOG] SystemI::createSoundInternal             : Sample 0/1: name='gravel1', format=5, channels=1, frequency=48000, lengthbytes=4928, lengthpcm=25102, pcmblocksize=0, loopstart=0, loopend=0, mode=0x00000000, channelmask=0x00000000, channelorder=0, peakvolume=0.916229.
[LOG] SystemI::createSoundInternal             : Create name='', mode=0x02000202
[LOG] SystemI::createSoundInternal             : exinfo->cbsize             = 224
[LOG] SystemI::createSoundInternal             : exinfo->length             = 35488
[LOG] SystemI::createSoundInternal             : exinfo->fileoffset         = 13568
[LOG] SystemI::createSoundInternal             : exinfo->numsubsounds       = 1
[LOG] SystemI::createSoundInternal             : exinfo->inclusionlist      = 000000D93652F588
[LOG] SystemI::createSoundInternal             : exinfo->inclusionlistnum   = 1
[LOG] SystemI::createSoundInternal             : exinfo->suggestedsoundtype = 5
[LOG] SystemI::createSoundInternal             : exinfo->useropen           = 00007FFF4CE77D70
[LOG] SystemI::createSoundInternal             : exinfo->userclose          = 00007FFF4CE77D40
[LOG] SystemI::createSoundInternal             : exinfo->userread           = 00007FFF4CE77E40
[LOG] SystemI::createSoundInternal             : exinfo->userseek           = 00007FFF4CE77F00
[LOG] SystemI::createSoundInternal             : exinfo->fileuserdata       = 0000025116865F38
[LOG] SystemI::createSoundInternal             : exinfo->initialseekpostype = 1
[LOG] SystemI::DSPCodecPoolRegister            : register codec pool for pool type 5
[LOG] SystemI::createSoundInternal             : Sample 0/1: name='grass3', format=5, channels=1, frequency=48000, lengthbytes=4608, lengthpcm=24000, pcmblocksize=0, loopstart=0, loopend=0, mode=0x00000000, channelmask=0x00000000, channelorder=0, peakvolume=0.791382.
[LOG] SystemI::createSound                     : filename = ./Admortem_FMOD/Build\Desktop/Player.bank : mode 02010082
[LOG] SystemI::createSound                     : FMOD_NONBLOCKING specified.  Putting into queue to be opened asynchronously!
[LOG] SystemI::createSound                     : setdata soundi = 00000250A06C54D8 : node = 00000250A633A670
[LOG] SystemI::createSound                     : add node to async list : head = 0000024FE3BF47E8.  list count = 0
[LOG] AsyncThread::threadFunc                  : Starting Asynchronous operation on sound 00000250A06C54D8
[LOG] SystemI::createSoundInternal             :     Create name='./Admortem_FMOD/Build\Desktop/Player.bank', mode=0x02010082
[LOG] SystemI::createSoundInternal             :     exinfo->cbsize             = 224
[LOG] SystemI::createSoundInternal             :     exinfo->length             = 503904
[LOG] SystemI::createSoundInternal             :     exinfo->fileoffset         = 11424
[LOG] SystemI::createSoundInternal             :     exinfo->numsubsounds       = 1
[LOG] SystemI::createSoundInternal             :     exinfo->inclusionlist      = 00000250A633A780
[LOG] SystemI::createSoundInternal             :     exinfo->inclusionlistnum   = 1
[LOG] SystemI::createSoundInternal             :     exinfo->suggestedsoundtype = 5
[LOG] SystemI::createSoundInternal             :     exinfo->initialseekposition = 5200
[LOG] SystemI::createSoundInternal             :     exinfo->initialseekpostype = 1
[LOG] SystemI::createSoundInternal             :     Create name='', mode=0x02000202
[LOG] SystemI::createSoundInternal             :     exinfo->cbsize             = 224
[LOG] SystemI::createSoundInternal             :     exinfo->length             = 503904
[LOG] SystemI::createSoundInternal             :     exinfo->fileoffset         = 11424
[LOG] SystemI::createSoundInternal             :     exinfo->numsubsounds       = 1
[LOG] SystemI::createSoundInternal             :     exinfo->inclusionlist      = 000000D93652F588
[LOG] SystemI::createSoundInternal             :     exinfo->inclusionlistnum   = 1
[LOG] SystemI::createSoundInternal             :     exinfo->suggestedsoundtype = 5
[LOG] SystemI::createSoundInternal             :     exinfo->useropen           = 00007FFF4CE77D70
[LOG] SystemI::createSoundInternal             :     exinfo->userclose          = 00007FFF4CE77D40
[LOG] SystemI::createSoundInternal             :     exinfo->userread           = 00007FFF4CE77E40
[LOG] SystemI::createSoundInternal             :     exinfo->userseek           = 00007FFF4CE77F00
[LOG] SystemI::createSoundInternal             :     exinfo->fileuserdata       = 00000251168656F8
[LOG] SystemI::createSoundInternal             :     exinfo->initialseekpostype = 1
[LOG] SystemI::DSPCodecPoolRegister            :     register codec pool for pool type 5
[LOG] SystemI::createSoundInternal             :     Stream 0/1: name='mixkit-arctic-winds-1154', format=5, channels=2, frequency=48000, lengthbytes=438432, lengthpcm=1868892, pcmblocksize=0, loopstart=0, loopend=0, mode=0x00000000, channelmask=0x00000000, channelorder=0, peakvolume=0.891388.
[LOG] SystemI::createSoundInternal             :     Sample 0/1: name='Pickup', format=5, channels=1, frequency=48000, lengthbytes=3424, lengthpcm=17554, pcmblocksize=0, loopstart=0, loopend=0, mode=0x00000000, channelmask=0x00000000, channelorder=0, peakvolume=0.182800.
[LOG] AsyncThread::threadFunc                  : Finished Asynchronous operation on sound 00000250A06C54D8
[LOG] SoundI::release                          : mixkit-arctic-winds-1154 (00000250A06C54D8)
[LOG] SoundI::release                          :     mixkit-arctic-winds-1154 (000002505CA09288)
[LOG] SoundI::release                          :     mixkit-arctic-winds-1154 (000002500D38DF38)
[LOG] SoundI::release                          : DavidKBD - The Last Pack - Orchestra - 03 (00000250D7AEDB78)
[LOG] SoundI::release                          :     DavidKBD - The Last Pack - Orchestra - 03 (000002505CA09F88)
[LOG] SoundI::release                          :     DavidKBD - The Last Pack - Orchestra - 03 (000002500D38DD88)
[LOG] SoundI::release                          :  (00000250EB445838)
[LOG] SoundI::release                          :     stone1 (00000250E2EC61F8)
[LOG] SoundI::release                          :  (00000250EB4459A8)
[LOG] SoundI::release                          :     gravel1 (00000250E4846D88)
[LOG] SoundI::release                          :  (00000250EB4453E8)
[LOG] SoundI::release                          :     stone4 (00000250E2EC6398)
[LOG] SoundI::release                          :  (000002505BF20C38)
[LOG] SoundI::release                          :     grass3 (00000250E4846F28)
[LOG] SoundI::release                          :  (00000250D86C04B8)
[LOG] SoundI::release                          :     mud02 (00000250D7B046C8)
[LOG] SoundI::release                          :  (00000250D86BFD88)
[LOG] SoundI::release                          :     jumpland (00000250D7B041E8)
[LOG] SoundI::release                          :  (00000250D86C0068)
[LOG] SoundI::release                          :     gravel (00000250D7B04528)
[LOG] SoundI::release                          :  (000002505BF200B8)
[LOG] SoundI::release                          :     Pickup (00000250E4847748)
[LOG] Thread::callback                         : FMOD Studio update thread finished.
[LOG] Thread::callback                         : FMOD Studio bank load thread finished.
[LOG] Profile::disconnectAll                   : Profiler disconnecting all clients
[LOG] Thread::callback                         : FMOD Studio sample load thread finished.
[LOG] LiveUpdate::release                      : 
[LOG] LiveUpdate::reset                        : Reset connection (reason Disconnected)
[LOG] Thread::callback                         : FMOD stream thread finished.
[LOG] Thread::callback                         : FMOD mixer thread finished.
[LOG] Profile::disconnectAll                   : Profiler disconnecting all clients
[LOG] SystemI::close                           : Closed.
[LOG] Thread::callback                         : FMOD mixer thread finished.
[LOG] OutputWASAPI::init                       : Mix Format (WAVEFORMATEX): wFormatTag=0xFFFE, nChannels=2, nSamplesPerSec=48000, nAvgBytesPerSec=384000, nBlockAlign=8, wBitsPerSample=32, cbSize=22.
[LOG] OutputWASAPI::init                       : Mix Format (WAVEFORMATEXTENSIBLE): wValidBitsPerSample=32, dwChannelMask=0x00000003, SubFormat=00000003-0000-0010-8000-00AA00389B71.
[LOG] OutputWASAPI::init                       : Output buffer size: 4096 samples, latency: 0.00ms, period: 10.00ms, DSP buffer: 1024 * 4
[LOG] Thread::initThread                       : Init FMOD mixer thread. Affinity: 0x8000000000000001, Priority: 0xFFFF7FFA, Stack Size: 81920, Semaphore: No, Sleep Time: 0, Looping: Yes.
